
  .   ____          _            __ _ _
 /\\ / ___'_ __ _ _(_)_ __  __ _ \ \ \ \
( ( )\___ | '_ | '_| | '_ \/ _` | \ \ \ \
 \\/  ___)| |_)| | | | | || (_| |  ) ) ) )
  '  |____| .__|_| |_|_| |_\__, | / / / /
 =========|_|==============|___/=/_/_/_/
 :: Spring Boot ::                (v3.1.0)

2023-11-08T18:11:19.568-03:00  INFO 8684 --- [           main] c.u.s.ShoppingcartserviceApplication     : Starting ShoppingcartserviceApplication v0.0.1-SNAPSHOT using Java 17.0.8 with PID 8684 (C:\develoment\backend 2.0\backend\infra\shoppingcartservice-0.0.1-SNAPSHOT.jar started by DESKTOP-O45D7TG$ in C:\develoment\backend 2.0\backend\infra)
2023-11-08T18:11:19.579-03:00  INFO 8684 --- [           main] c.u.s.ShoppingcartserviceApplication     : No active profile set, falling back to 1 default profile: "default"
2023-11-08T18:11:22.656-03:00  INFO 8684 --- [           main] .s.d.r.c.RepositoryConfigurationDelegate : Bootstrapping Spring Data JPA repositories in DEFAULT mode.
2023-11-08T18:11:23.420-03:00  INFO 8684 --- [           main] .s.d.r.c.RepositoryConfigurationDelegate : Finished Spring Data repository scanning in 717 ms. Found 2 JPA repository interfaces.
2023-11-08T18:11:24.120-03:00  INFO 8684 --- [           main] o.s.cloud.context.scope.GenericScope     : BeanFactory id=3f3a173d-ab44-34c4-8ff0-7386fa796ef2
2023-11-08T18:11:25.395-03:00  INFO 8684 --- [           main] o.s.b.w.embedded.tomcat.TomcatWebServer  : Tomcat initialized with port(s): 8081 (http)
2023-11-08T18:11:25.426-03:00  INFO 8684 --- [           main] o.apache.catalina.core.StandardService   : Starting service [Tomcat]
2023-11-08T18:11:25.427-03:00  INFO 8684 --- [           main] o.apache.catalina.core.StandardEngine    : Starting Servlet engine: [Apache Tomcat/10.1.8]
2023-11-08T18:11:25.612-03:00  INFO 8684 --- [           main] o.a.c.c.C.[Tomcat].[localhost].[/]       : Initializing Spring embedded WebApplicationContext
2023-11-08T18:11:25.615-03:00  INFO 8684 --- [           main] w.s.c.ServletWebServerApplicationContext : Root WebApplicationContext: initialization completed in 5900 ms
2023-11-08T18:11:25.894-03:00  INFO 8684 --- [           main] com.zaxxer.hikari.HikariDataSource       : HikariPool-1 - Starting...
2023-11-08T18:11:26.650-03:00  INFO 8684 --- [           main] com.zaxxer.hikari.pool.HikariPool        : HikariPool-1 - Added connection conn0: url=jdbc:h2:C:/develoment/backend 2.0/backend/shoppingcartservice/database/shoppingcartservice user=SHOPPINGCARTSERVICE
2023-11-08T18:11:26.656-03:00  INFO 8684 --- [           main] com.zaxxer.hikari.HikariDataSource       : HikariPool-1 - Start completed.
2023-11-08T18:11:26.694-03:00  INFO 8684 --- [           main] o.s.b.a.h2.H2ConsoleAutoConfiguration    : H2 console available at '/h2-console'. Database available at 'jdbc:h2:C:/develoment/backend 2.0/backend/shoppingcartservice/database/shoppingcartservice'
2023-11-08T18:11:27.148-03:00  INFO 8684 --- [           main] o.hibernate.jpa.internal.util.LogHelper  : HHH000204: Processing PersistenceUnitInfo [name: default]
2023-11-08T18:11:27.347-03:00  INFO 8684 --- [           main] org.hibernate.Version                    : HHH000412: Hibernate ORM core version 6.2.2.Final
2023-11-08T18:11:27.355-03:00  INFO 8684 --- [           main] org.hibernate.cfg.Environment            : HHH000406: Using bytecode reflection optimizer
2023-11-08T18:11:27.852-03:00  INFO 8684 --- [           main] o.h.b.i.BytecodeProviderInitiator        : HHH000021: Bytecode provider name : bytebuddy
2023-11-08T18:11:28.234-03:00  INFO 8684 --- [           main] o.s.o.j.p.SpringPersistenceUnitInfo      : No LoadTimeWeaver setup: ignoring JPA class transformer
2023-11-08T18:11:28.314-03:00  INFO 8684 --- [           main] org.hibernate.orm.dialect                : HHH035001: Using dialect: org.hibernate.dialect.H2Dialect, version: 2.1.214
2023-11-08T18:11:28.787-03:00  INFO 8684 --- [           main] o.h.b.i.BytecodeProviderInitiator        : HHH000021: Bytecode provider name : bytebuddy
2023-11-08T18:11:29.957-03:00  INFO 8684 --- [           main] o.h.e.t.j.p.i.JtaPlatformInitiator       : HHH000490: Using JtaPlatform implementation: [org.hibernate.engine.transaction.jta.platform.internal.NoJtaPlatform]
2023-11-08T18:11:30.041-03:00  INFO 8684 --- [           main] j.LocalContainerEntityManagerFactoryBean : Initialized JPA EntityManagerFactory for persistence unit 'default'
2023-11-08T18:11:32.732-03:00  INFO 8684 --- [           main] o.s.cloud.commons.util.InetUtils         : Cannot determine local hostname
2023-11-08T18:11:35.208-03:00  INFO 8684 --- [           main] o.s.cloud.commons.util.InetUtils         : Cannot determine local hostname
2023-11-08T18:11:35.313-03:00  INFO 8684 --- [           main] o.s.b.a.e.web.EndpointLinksResolver      : Exposing 1 endpoint(s) beneath base path '/actuator'
2023-11-08T18:11:35.539-03:00  INFO 8684 --- [           main] o.s.b.w.embedded.tomcat.TomcatWebServer  : Tomcat started on port(s): 8081 (http) with context path ''
2023-11-08T18:11:36.843-03:00  INFO 8684 --- [           main] o.s.cloud.commons.util.InetUtils         : Cannot determine local hostname
2023-11-08T18:11:37.983-03:00  INFO 8684 --- [           main] o.s.cloud.commons.util.InetUtils         : Cannot determine local hostname
2023-11-08T18:11:38.040-03:00  INFO 8684 --- [           main] c.u.s.ShoppingcartserviceApplication     : Started ShoppingcartserviceApplication in 22.528 seconds (process running for 31.373)
