2023-11-07 10:07:36,216 DEBUG - Starting WinSW in the CLI mode
2023-11-07 10:07:38,285 DEBUG - Starting WinSW in the CLI mode
2023-11-07 10:07:38,659 INFO  - Restarting the service with id 'shoppingcartservice-0.0.1-SNAPSHOT'
2023-11-07 10:07:38,812 DEBUG - Starting WinSW in the service mode
2023-11-07 10:07:38,840 DEBUG - Completed. Exit code is 0
2023-11-07 10:07:38,893 INFO  - Started process 9368
2023-11-07 10:07:38,899 DEBUG - Forwarding logs of the process System.Diagnostics.Process (java) to winsw.RollingLogAppender
2023-11-07 17:49:05,539 DEBUG - Starting WinSW in the service mode
2023-11-07 17:49:05,703 INFO  - Starting java  -jar shoppingcartservice-0.0.1-SNAPSHOT.jar
2023-11-07 17:49:05,772 INFO  - Started process 16944
2023-11-07 17:49:05,788 DEBUG - Forwarding logs of the process System.Diagnostics.Process (java) to winsw.RollingLogAppender
2023-11-08 17:57:38,487 DEBUG - Starting WinSW in the service mode
2023-11-08 17:57:39,134 INFO  - Starting java  -jar shoppingcartservice-0.0.1-SNAPSHOT.jar
2023-11-08 17:57:39,220 INFO  - Started process 8780
2023-11-08 17:57:39,230 DEBUG - Forwarding logs of the process System.Diagnostics.Process (java) to winsw.RollingLogAppender
2023-11-08 17:58:00,765 INFO  - Stopping shoppingcartservice-0.0.1-SNAPSHOT
2023-11-08 17:58:00,765 DEBUG - ProcessKill 8780
2023-11-08 17:58:01,037 WARN  - Failed to locate children of the process with PID=8780. Child processes won't be terminated
System.Runtime.InteropServices.COMException (0x80040154): Classe não registrada

   em System.Runtime.InteropServices.Marshal.ThrowExceptionForHRInternal(Int32 errorCode, IntPtr errorInfo)
   em System.Management.ManagementScope.InitializeGuts(Object o)
   em System.Management.ManagementScope.Initialize()
   em System.Management.ManagementObjectSearcher.Initialize()
   em System.Management.ManagementObjectSearcher.Get()
   em winsw.Util.ProcessHelper.GetChildPids(Int32 pid)
2023-11-08 17:58:01,115 INFO  - Stopping process 8780
2023-11-08 17:58:01,119 INFO  - Send SIGINT 8780
2023-11-08 17:58:01,243 INFO  - SIGINT to 8780 successful
2023-11-08 17:58:01,248 INFO  - Finished shoppingcartservice-0.0.1-SNAPSHOT
2023-11-08 17:58:01,308 DEBUG - Completed. Exit code is 0
2023-11-08 18:11:04,757 DEBUG - Starting WinSW in the service mode
2023-11-08 18:11:05,645 INFO  - Starting java  -jar shoppingcartservice-0.0.1-SNAPSHOT.jar
2023-11-08 18:11:05,747 INFO  - Started process 9120
2023-11-08 18:11:05,756 DEBUG - Forwarding logs of the process System.Diagnostics.Process (java) to winsw.RollingLogAppender
